[20:42:43] [Server thread/INFO]: Starting minecraft server version 1.8.8
[20:42:43] [Server thread/INFO]: Loading properties
[20:42:43] [Server thread/INFO]: Default game type: SURVIVAL
[20:42:44] [Server thread/INFO]: This server is running CraftBukkit version git-PaperSpigot-445 (MC: 1.8.8) (Implementing API version 1.8.8-R0.1-SNAPSHOT)
[20:42:44] [Server thread/INFO]: Debug logging is disabled
[20:42:44] [Server thread/INFO]: Spigot Timings: true - Verbose: true - Interval: 5m - Length: 60m
[20:42:44] [Server thread/INFO]: Server Ping Player Sample Count: 12

[20:42:44] [Server thread/INFO]: Using 4 threads for Netty based IO
[20:42:44] [Server thread/WARN]: java.lang.NoSuchFieldException: modifiers

[20:42:44] [Server thread/WARN]: 	at java.base/java.lang.Class.getDeclaredField(Class.java:2782)

[20:42:44] [Server thread/WARN]: 	at org.github.paperspigot.PaperSpigotConfig.stackableBuckets(PaperSpigotConfig.java:192)

[20:42:44] [Server thread/WARN]: 	at java.base/jdk.internal.reflect.DirectMethodHandleAccessor.invoke(DirectMethodHandleAccessor.java:103)

[20:42:44] [Server thread/WARN]: 	at java.base/java.lang.reflect.Method.invoke(Method.java:580)

[20:42:44] [Server thread/WARN]: 	at org.github.paperspigot.PaperSpigotConfig.readConfig(PaperSpigotConfig.java:84)

[20:42:44] [Server thread/WARN]: 	at org.github.paperspigot.PaperSpigotConfig.init(PaperSpigotConfig.java:62)

[20:42:44] [Server thread/WARN]: 	at net.minecraft.server.v1_8_R3.DedicatedServer.init(DedicatedServer.java:181)

[20:42:44] [Server thread/WARN]: 	at net.minecraft.server.v1_8_R3.MinecraftServer.run(MinecraftServer.java:563)

[20:42:44] [Server thread/WARN]: 	at java.base/java.lang.Thread.run(Thread.java:1583)

[20:42:44] [Server thread/INFO]: Data value allowed items: 
[20:42:44] [Server thread/INFO]: Generating keypair
[20:42:45] [Server thread/INFO]: Starting Minecraft server on localhost:25565
[20:42:45] [Server thread/INFO]: Your platform does not provide complete low-level API for accessing direct buffers reliably. Unless explicitly requested, heap buffer will always be preferred to avoid potential system unstability.
[20:42:45] [Server thread/INFO]: Using default channel type
[20:42:45] [Server thread/INFO]: Set PluginClassLoader as parallel capable
[20:42:45] [Server thread/INFO]: [Essentials] Loading Essentials v2.21.0-dev+110-f1a5caf
[20:42:45] [Server thread/INFO]: [LaggRemover] Loading LaggRemover v2.0.6
[20:42:45] [Server thread/WARN]: **** SERVER IS RUNNING IN OFFLINE/INSECURE MODE!
[20:42:45] [Server thread/WARN]: The server will make no attempt to authenticate usernames. Beware.
[20:42:45] [Server thread/WARN]: Whilst this makes it possible to use BungeeCord, unless access to your server is properly restricted, it also opens up the ability for hackers to connect with any username they choose.
[20:42:45] [Server thread/WARN]: Please see http://www.spigotmc.org/wiki/firewall-guide/ for further information.
[20:42:45] [Server thread/WARN]: To change this, set "online-mode" to "true" in the server.properties file.
[20:42:45] [Server thread/INFO]: **** Beginning UUID conversion, this may take A LONG time ****
[20:42:45] [Server thread/INFO]: Preparing level "world"
[20:42:45] [Server thread/INFO]: -------- World Settings For [world] --------
[20:42:45] [Server thread/INFO]: Mob Spawn Range: 4
[20:42:45] [Server thread/INFO]: Anti X-Ray: true
[20:42:45] [Server thread/INFO]: 	Engine Mode: 1
[20:42:45] [Server thread/INFO]: 	Hidden Blocks: [14, 15, 16, 21, 48, 49, 54, 56, 73, 74, 82, 129, 130]
[20:42:45] [Server thread/INFO]: 	Replace Blocks: [1, 5]
[20:42:45] [Server thread/INFO]: Nerfing mobs spawned from spawners: false
[20:42:45] [Server thread/INFO]: Cactus Growth Modifier: 100%
[20:42:45] [Server thread/INFO]: Cane Growth Modifier: 100%
[20:42:45] [Server thread/INFO]: Melon Growth Modifier: 100%
[20:42:45] [Server thread/INFO]: Mushroom Growth Modifier: 100%
[20:42:45] [Server thread/INFO]: Pumpkin Growth Modifier: 100%
[20:42:45] [Server thread/INFO]: Sapling Growth Modifier: 100%
[20:42:45] [Server thread/INFO]: Wheat Growth Modifier: 100%
[20:42:45] [Server thread/INFO]: NetherWart Growth Modifier: 100%
[20:42:45] [Server thread/INFO]: Entity Activation Range: An 32 / Mo 32 / Mi 16
[20:42:45] [Server thread/INFO]: Entity Tracking Range: Pl 48 / An 48 / Mo 48 / Mi 32 / Other 64
[20:42:45] [Server thread/INFO]: Hopper Transfer: 8 Hopper Check: 8 Hopper Amount: 1
[20:42:45] [Server thread/INFO]: Random Lighting Updates: false
[20:42:45] [Server thread/INFO]: Structure Info Saving: true
[20:42:45] [Server thread/INFO]: Sending up to 10 chunks per packet
[20:42:45] [Server thread/INFO]: Max Entity Collisions: 8
[20:42:45] [Server thread/INFO]: Custom Map Seeds:  Village: 10387312 Feature: 14357617
[20:42:45] [Server thread/INFO]: Max TNT Explosions: 100
[20:42:45] [Server thread/INFO]: Tile Max Tick Time: 50ms Entity max Tick Time: 50ms
[20:42:45] [Server thread/INFO]: Item Despawn Rate: 6000
[20:42:45] [Server thread/INFO]: Item Merge Radius: 2.5
[20:42:45] [Server thread/INFO]: Arrow Despawn Rate: 1200
[20:42:45] [Server thread/INFO]: Allow Zombie Pigmen to spawn from portal blocks: true
[20:42:45] [Server thread/INFO]: View Distance: 4
[20:42:45] [Server thread/INFO]: Zombie Aggressive Towards Villager: true
[20:42:45] [Server thread/INFO]: Chunks to Grow per Tick: 650
[20:42:45] [Server thread/INFO]: Clear tick list: false
[20:42:45] [Server thread/INFO]: Experience Merge Radius: 3.0
[20:42:45] [Server thread/INFO]: -------- World Settings For [world] --------
[20:42:45] [Server thread/INFO]: Player blocking damage multiplier set to 0.5
[20:42:45] [Server thread/INFO]: Remove invalid mob spawner tile entities: true
[20:42:45] [Server thread/INFO]: Squids will spawn between Y: 45.0 and Y: 63.0
[20:42:45] [Server thread/INFO]: Max height for cactus growth 3. Max height for reed growth 3
[20:42:45] [Server thread/INFO]: Living Entity Despawn Ranges:  Soft: 32 Hard: 128
[20:42:45] [Server thread/INFO]: Water over lava flow speed: 5
[20:42:45] [Server thread/INFO]: Fix TNT cannons: false
[20:42:45] [Server thread/INFO]: Allow undead horse types to be leashed: false
[20:42:45] [Server thread/INFO]: Keep spawn chunk loaded: true
[20:42:45] [Server thread/INFO]: World async lighting: false
[20:42:45] [Server thread/INFO]: WorldServer TickNextTick cap set at 10000
[20:42:45] [Server thread/INFO]: WorldServer TickNextTickList cap always processes redstone: false
[20:42:45] [Server thread/INFO]: -------- World Settings For [world_nether] --------
[20:42:45] [Server thread/INFO]: Mob Spawn Range: 4
[20:42:45] [Server thread/INFO]: Anti X-Ray: true
[20:42:45] [Server thread/INFO]: 	Engine Mode: 1
[20:42:45] [Server thread/INFO]: 	Hidden Blocks: [14, 15, 16, 21, 48, 49, 54, 56, 73, 74, 82, 129, 130]
[20:42:45] [Server thread/INFO]: 	Replace Blocks: [1, 5]
[20:42:45] [Server thread/INFO]: Nerfing mobs spawned from spawners: false
[20:42:45] [Server thread/INFO]: Cactus Growth Modifier: 100%
[20:42:45] [Server thread/INFO]: Cane Growth Modifier: 100%
[20:42:45] [Server thread/INFO]: Melon Growth Modifier: 100%
[20:42:45] [Server thread/INFO]: Mushroom Growth Modifier: 100%
[20:42:45] [Server thread/INFO]: Pumpkin Growth Modifier: 100%
[20:42:45] [Server thread/INFO]: Sapling Growth Modifier: 100%
[20:42:45] [Server thread/INFO]: Wheat Growth Modifier: 100%
[20:42:45] [Server thread/INFO]: NetherWart Growth Modifier: 100%
[20:42:45] [Server thread/INFO]: Entity Activation Range: An 32 / Mo 32 / Mi 16
[20:42:45] [Server thread/INFO]: Entity Tracking Range: Pl 48 / An 48 / Mo 48 / Mi 32 / Other 64
[20:42:45] [Server thread/INFO]: Hopper Transfer: 8 Hopper Check: 8 Hopper Amount: 1
[20:42:45] [Server thread/INFO]: Random Lighting Updates: false
[20:42:45] [Server thread/INFO]: Structure Info Saving: true
[20:42:45] [Server thread/INFO]: Sending up to 10 chunks per packet
[20:42:45] [Server thread/INFO]: Max Entity Collisions: 8
[20:42:45] [Server thread/INFO]: Custom Map Seeds:  Village: 10387312 Feature: 14357617
[20:42:45] [Server thread/INFO]: Max TNT Explosions: 100
[20:42:45] [Server thread/INFO]: Tile Max Tick Time: 50ms Entity max Tick Time: 50ms
[20:42:45] [Server thread/INFO]: Item Despawn Rate: 6000
[20:42:45] [Server thread/INFO]: Item Merge Radius: 2.5
[20:42:45] [Server thread/INFO]: Arrow Despawn Rate: 1200
[20:42:45] [Server thread/INFO]: Allow Zombie Pigmen to spawn from portal blocks: true
[20:42:45] [Server thread/INFO]: View Distance: 4
[20:42:45] [Server thread/INFO]: Zombie Aggressive Towards Villager: true
[20:42:45] [Server thread/INFO]: Chunks to Grow per Tick: 650
[20:42:45] [Server thread/INFO]: Clear tick list: false
[20:42:45] [Server thread/INFO]: Experience Merge Radius: 3.0
[20:42:45] [Server thread/INFO]: -------- World Settings For [world_nether] --------
[20:42:45] [Server thread/INFO]: Player blocking damage multiplier set to 0.5
[20:42:45] [Server thread/INFO]: Remove invalid mob spawner tile entities: true
[20:42:45] [Server thread/INFO]: Squids will spawn between Y: 45.0 and Y: 63.0
[20:42:45] [Server thread/INFO]: Max height for cactus growth 3. Max height for reed growth 3
[20:42:45] [Server thread/INFO]: Living Entity Despawn Ranges:  Soft: 32 Hard: 128
[20:42:45] [Server thread/INFO]: Water over lava flow speed: 5
[20:42:45] [Server thread/INFO]: Fix TNT cannons: false
[20:42:45] [Server thread/INFO]: Allow undead horse types to be leashed: false
[20:42:45] [Server thread/INFO]: Keep spawn chunk loaded: true
[20:42:45] [Server thread/INFO]: World async lighting: false
[20:42:45] [Server thread/INFO]: WorldServer TickNextTick cap set at 10000
[20:42:45] [Server thread/INFO]: WorldServer TickNextTickList cap always processes redstone: false
[20:42:45] [Server thread/INFO]: -------- World Settings For [world_the_end] --------
[20:42:45] [Server thread/INFO]: Mob Spawn Range: 4
[20:42:45] [Server thread/INFO]: Anti X-Ray: true
[20:42:45] [Server thread/INFO]: 	Engine Mode: 1
[20:42:45] [Server thread/INFO]: 	Hidden Blocks: [14, 15, 16, 21, 48, 49, 54, 56, 73, 74, 82, 129, 130]
[20:42:45] [Server thread/INFO]: 	Replace Blocks: [1, 5]
[20:42:45] [Server thread/INFO]: Nerfing mobs spawned from spawners: false
[20:42:45] [Server thread/INFO]: Cactus Growth Modifier: 100%
[20:42:45] [Server thread/INFO]: Cane Growth Modifier: 100%
[20:42:45] [Server thread/INFO]: Melon Growth Modifier: 100%
[20:42:45] [Server thread/INFO]: Mushroom Growth Modifier: 100%
[20:42:45] [Server thread/INFO]: Pumpkin Growth Modifier: 100%
[20:42:45] [Server thread/INFO]: Sapling Growth Modifier: 100%
[20:42:45] [Server thread/INFO]: Wheat Growth Modifier: 100%
[20:42:45] [Server thread/INFO]: NetherWart Growth Modifier: 100%
[20:42:45] [Server thread/INFO]: Entity Activation Range: An 32 / Mo 32 / Mi 16
[20:42:45] [Server thread/INFO]: Entity Tracking Range: Pl 48 / An 48 / Mo 48 / Mi 32 / Other 64
[20:42:45] [Server thread/INFO]: Hopper Transfer: 8 Hopper Check: 8 Hopper Amount: 1
[20:42:45] [Server thread/INFO]: Random Lighting Updates: false
[20:42:45] [Server thread/INFO]: Structure Info Saving: true
[20:42:45] [Server thread/INFO]: Sending up to 10 chunks per packet
[20:42:45] [Server thread/INFO]: Max Entity Collisions: 8
[20:42:45] [Server thread/INFO]: Custom Map Seeds:  Village: 10387312 Feature: 14357617
[20:42:45] [Server thread/INFO]: Max TNT Explosions: 100
[20:42:45] [Server thread/INFO]: Tile Max Tick Time: 50ms Entity max Tick Time: 50ms
[20:42:45] [Server thread/INFO]: Item Despawn Rate: 6000
[20:42:45] [Server thread/INFO]: Item Merge Radius: 2.5
[20:42:45] [Server thread/INFO]: Arrow Despawn Rate: 1200
[20:42:45] [Server thread/INFO]: Allow Zombie Pigmen to spawn from portal blocks: true
[20:42:45] [Server thread/INFO]: View Distance: 4
[20:42:45] [Server thread/INFO]: Zombie Aggressive Towards Villager: true
[20:42:45] [Server thread/INFO]: Chunks to Grow per Tick: 650
[20:42:45] [Server thread/INFO]: Clear tick list: false
[20:42:45] [Server thread/INFO]: Experience Merge Radius: 3.0
[20:42:45] [Server thread/INFO]: -------- World Settings For [world_the_end] --------
[20:42:45] [Server thread/INFO]: Player blocking damage multiplier set to 0.5
[20:42:45] [Server thread/INFO]: Remove invalid mob spawner tile entities: true
[20:42:45] [Server thread/INFO]: Squids will spawn between Y: 45.0 and Y: 63.0
[20:42:45] [Server thread/INFO]: Max height for cactus growth 3. Max height for reed growth 3
[20:42:45] [Server thread/INFO]: Living Entity Despawn Ranges:  Soft: 32 Hard: 128
[20:42:45] [Server thread/INFO]: Water over lava flow speed: 5
[20:42:45] [Server thread/INFO]: Fix TNT cannons: false
[20:42:45] [Server thread/INFO]: Allow undead horse types to be leashed: false
[20:42:45] [Server thread/INFO]: Keep spawn chunk loaded: true
[20:42:45] [Server thread/INFO]: World async lighting: false
[20:42:45] [Server thread/INFO]: WorldServer TickNextTick cap set at 10000
[20:42:45] [Server thread/INFO]: WorldServer TickNextTickList cap always processes redstone: false
[20:42:45] [Server thread/INFO]: Preparing start region for level 0 (Seed: 3040503404833147626)
[20:42:46] [Server thread/INFO]: Preparing spawn area: 48%
[20:42:47] [Server thread/INFO]: Preparing start region for level 1 (Seed: 3040503404833147626)
[20:42:48] [Server thread/INFO]: Preparing spawn area: 73%
[20:42:48] [Server thread/INFO]: Preparing start region for level 2 (Seed: 3040503404833147626)
[20:42:48] [Server thread/INFO]: [Essentials] Enabling Essentials v2.21.0-dev+110-f1a5caf
[20:42:49] [Server thread/INFO]: You are running a server with limited API functionality. EssentialsX will still work, but certain features may be disabled.
[20:42:49] [Server thread/INFO]: Attempting to convert old kits in config.yml to new kits.yml
[20:42:49] [Server thread/INFO]: No kits found to migrate.
[20:42:49] [Server thread/INFO]: Starting Essentials ban format conversion
[20:42:49] [Server thread/INFO]: Found 2 files to convert...
[20:42:49] [Server thread/INFO]: Converted 0/2
[20:42:49] [Server thread/INFO]: Ban format update complete.
[20:42:49] [Server thread/INFO]: Attempting to migrate ignore list to UUIDs
[20:42:49] [Server thread/INFO]: Done converting ignore list.
[20:42:49] [Server thread/INFO]: Attempting to migrate legacy userdata keys to Configurate
[20:42:49] [Server thread/INFO]: Done converting legacy userdata keys to Configurate.
[20:42:49] [Server thread/INFO]: Done converting mail list.
[20:42:49] [Server thread/INFO]: #===========================================================================#
[20:42:49] [Server thread/INFO]:  EssentialsX will now purge any NPC accounts which were incorrectly created.
[20:42:49] [Server thread/INFO]:  Only NPC accounts with the default starting balance will be deleted. If
[20:42:49] [Server thread/INFO]:  they turn out to be valid NPC accounts, they will be re-created as needed.
[20:42:49] [Server thread/INFO]:  Any files deleted here will be backed up to the 
[20:42:49] [Server thread/INFO]:  "plugins/Essentials/userdata-npc-backup" folder. If you notice any files
[20:42:49] [Server thread/INFO]:  have been purged incorrectly, you should restore it from the backup and
[20:42:49] [Server thread/INFO]:  report it to us on GitHub:
[20:42:49] [Server thread/INFO]:  https://github.com/EssentialsX/Essentials/issues/new/choose
[20:42:49] [Server thread/INFO]: 
[20:42:49] [Server thread/INFO]:  NOTE: This is a one-time process and will take several minutes if you have
[20:42:49] [Server thread/INFO]:  a lot of userdata files! If you interrupt this process, EssentialsX will
[20:42:49] [Server thread/INFO]:  skip the process until you rename or remove the backup folder.
[20:42:49] [Server thread/INFO]: #===========================================================================#
[20:42:49] [Server thread/INFO]: Found ~2 files under "plugins/Essentials/userdata"...
[20:42:49] [Server thread/INFO]: #===========================================================================#
[20:42:49] [Server thread/INFO]:  EssentialsX has finished purging NPC accounts.
[20:42:49] [Server thread/INFO]: 
[20:42:49] [Server thread/INFO]:  Deleted accounts: 0
[20:42:49] [Server thread/INFO]:  Total accounts processed: 2
[20:42:49] [Server thread/INFO]: 
[20:42:49] [Server thread/INFO]:  Purged accounts have been backed up to
[20:42:49] [Server thread/INFO]:  "plugins/Essentials/userdata-npc-backup", and can be restored from there
[20:42:49] [Server thread/INFO]:  if needed. Please report any files which have been incorrectly deleted
[20:42:49] [Server thread/INFO]:  to us on GitHub:
[20:42:49] [Server thread/INFO]:  https://github.com/EssentialsX/Essentials/issues/new/choose
[20:42:49] [Server thread/INFO]: #===========================================================================#
[20:42:49] [Server thread/INFO]: Loaded 853 items from items.csv.
[20:42:49] [Server thread/INFO]: Using locale en
[20:42:49] [Server thread/INFO]: ServerListPingEvent: Spigot iterator API
[20:42:49] [Server thread/INFO]: Starting Metrics. Opt-out using the global bStats config.
[20:42:49] [Server thread/INFO]: Using superperms-based permissions.
[20:42:49] [Server thread/INFO]: [LaggRemover] Enabling LaggRemover v2.0.6
[20:42:49] [Server thread/INFO]: [LaggRemover] The saved version is not compatible with this version of LaggRemover and could not be updated by the automatic configuration updater. LaggRemover will back up the current configuration and generate a new one for you. Please manually copy over any old settings.
[20:42:49] [Server thread/INFO]: [LaggRemover] Your configuration file was updated to v0.1.7
[20:42:50] [Server thread/INFO]: 
    __                      ____                                         _    _____
   / /   ____ _____ _____ _/ __ \___  ____ ___  ____ _   _____  _____   | |  / /__ \
  / /   / __ `/ __ `/ __ `/ /_/ / _ \/ __ `__ \/ __ \ | / / _ \/ ___/   | | / /__/ /
 / /___/ /_/ / /_/ / /_/ / _, _/  __/ / / / / / /_/ / |/ /  __/ /       | |/ // __/
/_____/\__,_/\__, /\__, /_/ |_|\___/_/ /_/ /_/\____/|___/\___/_/        |___//____/
            /____//____/


[20:42:50] [Server thread/INFO]: [LaggRemover] Loaded 0 module(s)
[20:42:50] [Server thread/INFO]: [LaggRemover] The LaggRemover AI is now active!
[20:42:50] [Server thread/INFO]: [LaggRemover] LaggRemover has been enabled!
[20:42:50] [Server thread/INFO]: Server permissions file permissions.yml is empty, ignoring it
[20:42:50] [Server thread/INFO]: Done (4.664s)! For help, type "help" or "?"
[20:42:50] [Server thread/INFO]: Timings Reset
[20:42:50] [Craft Scheduler Thread - 0/INFO]: ยง6Fetching version information...
[20:43:23] [Server thread/INFO]: CONSOLE issued server command: /lag 
[20:43:23] [Server thread/INFO]: [0;33;22mUptime:[0;31;1m 46 seconds[m

[20:43:23] [Server thread/INFO]: [0;33;22mCurrent TPS = [0;32;1m20[m

[20:43:23] [Server thread/INFO]: [0;33;22mMaximum memory:[0;31;1m 1,024 MB.[m

[20:43:23] [Server thread/INFO]: [0;33;22mAllocated memory:[0;31;1m 1,024 MB.[m

[20:43:23] [Server thread/INFO]: [0;33;22mFree memory:[0;31;1m 780 MB.[m

[20:43:23] [Server thread/INFO]: [0;33;22mWorld "[0;31;1mworld[0;33;22m": [0;31;1m0[0;33;22m chunks, [0;31;1m0[0;33;22m entities, [0;31;1m0[0;33;22m tiles.[m

[20:43:23] [Server thread/INFO]: [0;33;22mNether "[0;31;1mworld_nether[0;33;22m": [0;31;1m0[0;33;22m chunks, [0;31;1m0[0;33;22m entities, [0;31;1m0[0;33;22m tiles.[m

[20:43:23] [Server thread/INFO]: [0;33;22mThe End "[0;31;1mworld_the_end[0;33;22m": [0;31;1m0[0;33;22m chunks, [0;31;1m0[0;33;22m entities, [0;31;1m0[0;33;22m tiles.[m

[20:43:25] [Server thread/INFO]: Unknown command. Type "/help" for help.[m

[20:43:27] [Server thread/INFO]: CONSOLE issued server command: /help 
[20:43:27] [Server thread/INFO]: To view help from the console, type '?'.[m

[20:43:28] [Server thread/INFO]: [0;33;1m--------- [0;37;1mHelp: Index [0;33;1m---------------------------[m

[20:43:28] [Server thread/INFO]: [0;37;22mUse /help [n] to get page n of help.[m

[20:43:28] [Server thread/INFO]: [0;33;22mAliases: [0;37;1mLists command aliases[m

[20:43:28] [Server thread/INFO]: [0;33;22mBukkit: [0;37;1mAll commands for Bukkit[m

[20:43:28] [Server thread/INFO]: [0;33;22mEssentials: [0;37;1mAll commands for Essentials[m

[20:43:28] [Server thread/INFO]: [0;33;22mLaggRemover: [0;37;1mAll commands for LaggRemover[m

[20:43:28] [Server thread/INFO]: [0;33;22mMinecraft: [0;37;1mAll commands for Minecraft[m

[20:43:28] [Server thread/INFO]: [0;33;22m/achievement: [0;37;1mA Mojang provided command.[m

[20:43:28] [Server thread/INFO]: [0;33;22m/afk: [0;37;1mMarks you as away-from-keyboard.[m

[20:43:28] [Server thread/INFO]: [0;33;22m/antioch: [0;37;1mA little surprise for operators.[m

[20:43:28] [Server thread/INFO]: [0;33;22m/anvil: [0;37;1mOpens up an anvil.[m

[20:43:28] [Server thread/INFO]: [0;33;22m/back: [0;37;1mTeleports you to your location prior to tp/spawn/warp.[m

[20:43:28] [Server thread/INFO]: [0;33;22m/backup: [0;37;1mRuns the backup if configured.[m

[20:43:28] [Server thread/INFO]: [0;33;22m/balance: [0;37;1mStates the current balance of a player.[m

[20:43:28] [Server thread/INFO]: [0;33;22m/balancetop: [0;37;1mGets the top balance values.[m

[20:43:28] [Server thread/INFO]: [0;33;22m/ban: [0;37;1mBans a player.[m

[20:43:28] [Server thread/INFO]: [0;33;22m/ban-ip: [0;37;1mA Mojang provided command.[m

[20:43:28] [Server thread/INFO]: [0;33;22m/banip: [0;37;1mBans an IP address.[m

[20:43:28] [Server thread/INFO]: [0;33;22m/banlist: [0;37;1mA Mojang provided command.[m

[20:43:28] [Server thread/INFO]: [0;33;22m/beezooka: [0;37;1mThrow an exploding bee at your opponent.[m

[20:43:28] [Server thread/INFO]: [0;33;22m/bigtree: [0;37;1mSpawn a big tree where you are looking.[m

[20:43:28] [Server thread/INFO]: [0;33;22m/blockdata: [0;37;1mA Mojang provided command.[m

[20:43:28] [Server thread/INFO]: [0;33;22m/book: [0;37;1mAllows reopening and editing of sealed books.[m

[20:43:28] [Server thread/INFO]: [0;33;22m/bottom: [0;37;1mTeleport to the lowest block at your current position.[m

[20:43:28] [Server thread/INFO]: [0;33;22m/break: [0;37;1mBreaks the block you are looking at.[m

[20:43:28] [Server thread/INFO]: [0;33;22m/broadcast: [0;37;1mBroadcasts a message to the entire server.[m

[20:43:28] [Server thread/INFO]: [0;33;22m/broadcastworld: [0;37;1mBroadcasts a message to a world.[m

[20:43:28] [Server thread/INFO]: [0;33;22m/bukkit:help: [0;37;1mShows the help menu[m

[20:43:28] [Server thread/INFO]: [0;33;22m/burn: [0;37;1mSet a player on fire.[m

[20:43:28] [Server thread/INFO]: [0;33;22m/cartographytable: [0;37;1mOpens up a cartography table.[m

[20:43:28] [Server thread/INFO]: [0;33;22m/clearinventory: [0;37;1mClear all items in your inventory.[m

[20:43:28] [Server thread/INFO]: [0;33;22m/clearinventoryconfirmtoggle: [0;37;1mToggles whether you are prompted to confirm inventory clears.[m

[20:43:28] [Server thread/INFO]: [0;33;22m/clone: [0;37;1mA Mojang provided command.[m

[20:43:28] [Server thread/INFO]: [0;33;22m/compass: [0;37;1mDescribes your current bearing.[m

[20:43:28] [Server thread/INFO]: [0;33;22m/condense: [0;37;1mCondenses items into a more compact blocks.[m

[20:43:28] [Server thread/INFO]: [0;33;22m/createkit: [0;37;1mCreate a kit in game![m

[20:43:28] [Server thread/INFO]: [0;33;22m/customtext: [0;37;1mAllows you to create custom text commands.[m

[20:43:28] [Server thread/INFO]: [0;33;22m/debug: [0;37;1mA Mojang provided command.[m

[20:43:28] [Server thread/INFO]: [0;33;22m/defaultgamemode: [0;37;1mA Mojang provided command.[m

[20:43:28] [Server thread/INFO]: [0;33;22m/delhome: [0;37;1mRemoves a home.[m

[20:43:28] [Server thread/INFO]: [0;33;22m/deljail: [0;37;1mRemoves a jail.[m

[20:43:28] [Server thread/INFO]: [0;33;22m/delkit: [0;37;1mDeletes the specified kit.[m

[20:43:28] [Server thread/INFO]: [0;33;22m/delwarp: [0;37;1mDeletes the specified warp.[m

[20:43:28] [Server thread/INFO]: [0;33;22m/deop: [0;37;1mA Mojang provided command.[m

[20:43:28] [Server thread/INFO]: [0;33;22m/depth: [0;37;1mStates current depth, relative to sea level.[m

[20:43:28] [Server thread/INFO]: [0;33;22m/difficulty: [0;37;1mA Mojang provided command.[m

[20:43:28] [Server thread/INFO]: [0;33;22m/disposal: [0;37;1mOpens a portable disposal menu.[m

[20:43:28] [Server thread/INFO]: [0;33;22m/eco: [0;37;1mManages the server economy.[m

[20:43:28] [Server thread/INFO]: [0;33;22m/editsign: [0;37;1mEdits a sign in the world.[m

[20:43:28] [Server thread/INFO]: [0;33;22m/effect: [0;37;1mA Mojang provided command.[m

[20:43:28] [Server thread/INFO]: [0;33;22m/enchant: [0;37;1mEnchants the item the user is holding.[m

[20:43:28] [Server thread/INFO]: [0;33;22m/enderchest: [0;37;1mLets you see inside an enderchest.[m

[20:43:28] [Server thread/INFO]: [0;33;22m/entitydata: [0;37;1mA Mojang provided command.[m

[20:43:28] [Server thread/INFO]: [0;33;22m/essentials: [0;37;1mReloads essentials.[m

[20:43:28] [Server thread/INFO]: [0;33;22m/execute: [0;37;1mA Mojang provided command.[m

[20:43:28] [Server thread/INFO]: [0;33;22m/exp: [0;37;1mGive, set, reset, or look at a players experience.[m

[20:43:28] [Server thread/INFO]: [0;33;22m/ext: [0;37;1mExtinguish players.[m

[20:43:28] [Server thread/INFO]: [0;33;22m/feed: [0;37;1mSatisfy the hunger.[m

[20:43:28] [Server thread/INFO]: [0;33;22m/fill: [0;37;1mA Mojang provided command.[m

[20:43:28] [Server thread/INFO]: [0;33;22m/fireball: [0;37;1mThrow a fireball or other assorted projectiles.[m

[20:43:28] [Server thread/INFO]: [0;33;22m/firework: [0;37;1mAllows you to modify a stack of fireworks.[m

[20:43:28] [Server thread/INFO]: [0;33;22m/fly: [0;37;1mTake off, and soar![m

[20:43:28] [Server thread/INFO]: [0;33;22m/gamemode: [0;37;1mChange player gamemode.[m

[20:43:28] [Server thread/INFO]: [0;33;22m/gamerule: [0;37;1mA Mojang provided command.[m

[20:43:28] [Server thread/INFO]: [0;33;22m/gc: [0;37;1mReports memory, uptime and tick info.[m

[20:43:28] [Server thread/INFO]: [0;33;22m/getpos: [0;37;1mGet your current coordinates or those of a player.[m

[20:43:28] [Server thread/INFO]: [0;33;22m/give: [0;37;1mGive a player an item.[m

[20:43:28] [Server thread/INFO]: [0;33;22m/god: [0;37;1mEnables your godly powers.[m

[20:43:28] [Server thread/INFO]: [0;33;22m/grindstone: [0;37;1mOpens up a grindstone.[m

[20:43:28] [Server thread/INFO]: [0;33;22m/hat: [0;37;1mGet some cool new headgear.[m

[20:43:28] [Server thread/INFO]: [0;33;22m/heal: [0;37;1mHeals you or the given player.[m

[20:43:28] [Server thread/INFO]: [0;33;22m/help: [0;37;1mViews a list of available commands.[m

[20:43:28] [Server thread/INFO]: [0;33;22m/helpop: [0;37;1mMessage online admins.[m

[20:43:28] [Server thread/INFO]: [0;33;22m/home: [0;37;1mTeleport to your home.[m

[20:43:28] [Server thread/INFO]: [0;33;22m/ice: [0;37;1mCools a player off.[m

[20:43:28] [Server thread/INFO]: [0;33;22m/ignore: [0;37;1mIgnore or unignore other players.[m

[20:43:28] [Server thread/INFO]: [0;33;22m/info: [0;37;1mShows information set by the server owner.[m

[20:43:28] [Server thread/INFO]: [0;33;22m/invsee: [0;37;1mSee the inventory of other players.[m

[20:43:28] [Server thread/INFO]: [0;33;22m/item: [0;37;1mSpawn an item.[m

[20:43:28] [Server thread/INFO]: [0;33;22m/itemdb: [0;37;1mSearches for an item.[m

[20:43:28] [Server thread/INFO]: [0;33;22m/itemlore: [0;37;1mEdit the lore of an item.[m

[20:43:28] [Server thread/INFO]: [0;33;22m/itemname: [0;37;1mNames an item.[m

[20:43:28] [Server thread/INFO]: [0;33;22m/jails: [0;37;1mList all jails.[m

[20:43:28] [Server thread/INFO]: [0;33;22m/jump: [0;37;1mJumps to the nearest block in the line of sight.[m

[20:43:28] [Server thread/INFO]: [0;33;22m/kick: [0;37;1mKicks a specified player with a reason.[m

[20:43:28] [Server thread/INFO]: [0;33;22m/kickall: [0;37;1mKicks all players off the server except the issuer.[m

[20:43:28] [Server thread/INFO]: [0;33;22m/kill: [0;37;1mKills specified player.[m

[20:43:28] [Server thread/INFO]: [0;33;22m/kit: [0;37;1mObtains the specified kit or views all available kits.[m

[20:43:28] [Server thread/INFO]: [0;33;22m/kitreset: [0;37;1mResets the cooldown on the specified kit.[m

[20:43:28] [Server thread/INFO]: [0;33;22m/kittycannon: [0;37;1mThrow an exploding kitten at your opponent.[m

[20:43:28] [Server thread/INFO]: [0;33;22m/lightning: [0;37;1mThe power of Thor. Strike at cursor or player.[m

[20:43:28] [Server thread/INFO]: [0;33;22m/list: [0;37;1mList all online players.[m

[20:43:28] [Server thread/INFO]: [0;33;22m/loom: [0;37;1mOpens up a loom.[m

[20:43:28] [Server thread/INFO]: [0;33;22m/lr: [0;37;1mGeneric LaggRemover command.[m

[20:43:28] [Server thread/INFO]: [0;33;22m/mail: [0;37;1mManages inter-player, intra-server mail.[m

[20:43:28] [Server thread/INFO]: [0;33;22m/me: [0;37;1mDescribes an action in the context of the player.[m

[20:43:28] [Server thread/INFO]: [0;33;22m/minecraft:ban: [0;37;1mA Mojang provided command.[m

[20:43:28] [Server thread/INFO]: [0;33;22m/minecraft:clear: [0;37;1mA Mojang provided command.[m

[20:43:28] [Server thread/INFO]: [0;33;22m/minecraft:enchant: [0;37;1mA Mojang provided command.[m

[20:43:28] [Server thread/INFO]: [0;33;22m/minecraft:gamemode: [0;37;1mA Mojang provided command.[m

[20:43:28] [Server thread/INFO]: [0;33;22m/minecraft:give: [0;37;1mA Mojang provided command.[m

[20:43:28] [Server thread/INFO]: [0;33;22m/minecraft:help: [0;37;1mA Mojang provided command.[m

[20:43:28] [Server thread/INFO]: [0;33;22m/minecraft:kick: [0;37;1mA Mojang provided command.[m

[20:43:28] [Server thread/INFO]: [0;33;22m/minecraft:kill: [0;37;1mA Mojang provided command.[m

[20:43:28] [Server thread/INFO]: [0;33;22m/minecraft:list: [0;37;1mA Mojang provided command.[m

[20:43:28] [Server thread/INFO]: [0;33;22m/minecraft:me: [0;37;1mA Mojang provided command.[m

[20:43:28] [Server thread/INFO]: [0;33;22m/minecraft:pardon: [0;37;1mA Mojang provided command.[m

[20:43:28] [Server thread/INFO]: [0;33;22m/minecraft:tell: [0;37;1mA Mojang provided command.[m

[20:43:28] [Server thread/INFO]: [0;33;22m/minecraft:time: [0;37;1mA Mojang provided command.[m

[20:43:28] [Server thread/INFO]: [0;33;22m/minecraft:tp: [0;37;1mA Mojang provided command.[m

[20:43:28] [Server thread/INFO]: [0;33;22m/minecraft:weather: [0;37;1mA Mojang provided command.[m

[20:43:28] [Server thread/INFO]: [0;33;22m/minecraft:xp: [0;37;1mA Mojang provided command.[m

[20:43:28] [Server thread/INFO]: [0;33;22m/more: [0;37;1mFills the item stack in hand to specified amount, or to maximum size if none is specified.[m

[20:43:28] [Server thread/INFO]: [0;33;22m/motd: [0;37;1mViews the Message Of The Day.[m

[20:43:28] [Server thread/INFO]: [0;33;22m/msg: [0;37;1mSends a private message to the specified player.[m

[20:43:28] [Server thread/INFO]: [0;33;22m/msgtoggle: [0;37;1mBlocks receiving all private messages.[m

[20:43:28] [Server thread/INFO]: [0;33;22m/mute: [0;37;1mMutes or unmutes a player.[m

[20:43:28] [Server thread/INFO]: [0;33;22m/near: [0;37;1mLists the players near by or around a player.[m

[20:43:28] [Server thread/INFO]: [0;33;22m/nick: [0;37;1mChange your nickname or that of another player.[m

[20:43:28] [Server thread/INFO]: [0;33;22m/nuke: [0;37;1mMay death rain upon them.[m

[20:43:28] [Server thread/INFO]: [0;33;22m/op: [0;37;1mA Mojang provided command.[m

[20:43:28] [Server thread/INFO]: [0;33;22m/pardon-ip: [0;37;1mA Mojang provided command.[m

[20:43:28] [Server thread/INFO]: [0;33;22m/particle: [0;37;1mA Mojang provided command.[m

[20:43:28] [Server thread/INFO]: [0;33;22m/pay: [0;37;1mPays another player from your balance.[m

[20:43:28] [Server thread/INFO]: [0;33;22m/payconfirmtoggle: [0;37;1mToggles whether you are prompted to confirm payments.[m

[20:43:28] [Server thread/INFO]: [0;33;22m/paytoggle: [0;37;1mToggles whether you are accepting payments.[m

[20:43:28] [Server thread/INFO]: [0;33;22m/ping: [0;37;1mPong![m

[20:43:28] [Server thread/INFO]: [0;33;22m/playsound: [0;37;1mA Mojang provided command.[m

[20:43:28] [Server thread/INFO]: [0;33;22m/playtime: [0;37;1mShows a player's time played in game[m

[20:43:28] [Server thread/INFO]: [0;33;22m/plugins: [0;37;1mGets a list of plugins running on the server[m

[20:43:28] [Server thread/INFO]: [0;33;22m/potion: [0;37;1mAdds custom potion effects to a potion.[m

[20:43:28] [Server thread/INFO]: [0;33;22m/powertool: [0;37;1mAssigns a command to the item in hand.[m

[20:43:28] [Server thread/INFO]: [0;33;22m/powertooltoggle: [0;37;1mEnables or disables all current powertools.[m

[20:43:28] [Server thread/INFO]: [0;33;22m/ptime: [0;37;1mAdjust player's client time. Add @ prefix to fix.[m

[20:43:28] [Server thread/INFO]: [0;33;22m/pweather: [0;37;1mAdjust a player's weather[m

[20:43:28] [Server thread/INFO]: [0;33;22m/r: [0;37;1mQuickly reply to the last player to message you.[m

[20:43:28] [Server thread/INFO]: [0;33;22m/realname: [0;37;1mDisplays the username of a user based on nick.[m

[20:43:28] [Server thread/INFO]: [0;33;22m/recipe: [0;37;1mDisplays how to craft items.[m

[20:43:28] [Server thread/INFO]: [0;33;22m/reload: [0;37;1mReloads the server configuration and plugins[m

[20:43:28] [Server thread/INFO]: [0;33;22m/remove: [0;37;1mRemoves entities in your world.[m

[20:43:28] [Server thread/INFO]: [0;33;22m/renamehome: [0;37;1mRenames a home.[m

[20:43:28] [Server thread/INFO]: [0;33;22m/repair: [0;37;1mRepairs the durability of one or all items.[m

[20:43:28] [Server thread/INFO]: [0;33;22m/replaceitem: [0;37;1mA Mojang provided command.[m

[20:43:28] [Server thread/INFO]: [0;33;22m/rest: [0;37;1mRests you or the given player.[m

[20:43:28] [Server thread/INFO]: [0;33;22m/restart: [0;37;1mRestarts the server[m

[20:43:28] [Server thread/INFO]: [0;33;22m/rtoggle: [0;37;1mChange whether the recipient of the reply is last recipient or last sender[m

[20:43:28] [Server thread/INFO]: [0;33;22m/rules: [0;37;1mViews the server rules.[m

[20:43:28] [Server thread/INFO]: [0;33;22m/save-all: [0;37;1mA Mojang provided command.[m

[20:43:28] [Server thread/INFO]: [0;33;22m/save-off: [0;37;1mA Mojang provided command.[m

[20:43:28] [Server thread/INFO]: [0;33;22m/save-on: [0;37;1mA Mojang provided command.[m

[20:43:28] [Server thread/INFO]: [0;33;22m/say: [0;37;1mA Mojang provided command.[m

[20:43:28] [Server thread/INFO]: [0;33;22m/scoreboard: [0;37;1mA Mojang provided command.[m

[20:43:28] [Server thread/INFO]: [0;33;22m/seed: [0;37;1mA Mojang provided command.[m

[20:43:28] [Server thread/INFO]: [0;33;22m/seen: [0;37;1mShows the last logout time of a player.[m

[20:43:28] [Server thread/INFO]: [0;33;22m/sell: [0;37;1mSells the item currently in your hand.[m

[20:43:28] [Server thread/INFO]: [0;33;22m/setblock: [0;37;1mA Mojang provided command.[m

[20:43:28] [Server thread/INFO]: [0;33;22m/sethome: [0;37;1mSet your home to your current location.[m

[20:43:28] [Server thread/INFO]: [0;33;22m/setidletimeout: [0;37;1mA Mojang provided command.[m

[20:43:28] [Server thread/INFO]: [0;33;22m/setjail: [0;37;1mCreates a jail where you specified named [jailname].[m

[20:43:28] [Server thread/INFO]: [0;33;22m/settpr: [0;37;1mSet the random teleport location and parameters.[m

[20:43:28] [Server thread/INFO]: [0;33;22m/setwarp: [0;37;1mCreates a new warp.[m

[20:43:28] [Server thread/INFO]: [0;33;22m/setworldspawn: [0;37;1mA Mojang provided command.[m

[20:43:28] [Server thread/INFO]: [0;33;22m/setworth: [0;37;1mSet the sell value of an item.[m

[20:43:28] [Server thread/INFO]: [0;33;22m/showkit: [0;37;1mShow contents of a kit.[m

[20:43:28] [Server thread/INFO]: [0;33;22m/skull: [0;37;1mSet the owner of a player skull[m

[20:43:28] [Server thread/INFO]: [0;33;22m/smithingtable: [0;37;1mOpens up a smithing table.[m

[20:43:28] [Server thread/INFO]: [0;33;22m/socialspy: [0;37;1mToggles if you can see msg/mail commands in chat.[m

[20:43:28] [Server thread/INFO]: [0;33;22m/spawner: [0;37;1mChange the mob type of a spawner.[m

[20:43:28] [Server thread/INFO]: [0;33;22m/spawnmob: [0;37;1mSpawns a mob.[m

[20:43:28] [Server thread/INFO]: [0;33;22m/spawnpoint: [0;37;1mA Mojang provided command.[m

[20:43:28] [Server thread/INFO]: [0;33;22m/speed: [0;37;1mChange your speed limits.[m

[20:43:28] [Server thread/INFO]: [0;33;22m/spreadplayers: [0;37;1mA Mojang provided command.[m

[20:43:28] [Server thread/INFO]: [0;33;22m/stats: [0;37;1mA Mojang provided command.[m

[20:43:28] [Server thread/INFO]: [0;33;22m/stonecutter: [0;37;1mOpens up a stonecutter.[m

[20:43:28] [Server thread/INFO]: [0;33;22m/stop: [0;37;1mA Mojang provided command.[m

[20:43:28] [Server thread/INFO]: [0;33;22m/sudo: [0;37;1mMake another user perform a command.[m

[20:43:28] [Server thread/INFO]: [0;33;22m/suicide: [0;37;1mCauses you to perish.[m

[20:43:28] [Server thread/INFO]: [0;33;22m/summon: [0;37;1mA Mojang provided command.[m

[20:43:28] [Server thread/INFO]: [0;33;22m/tellraw: [0;37;1mA Mojang provided command.[m

[20:43:28] [Server thread/INFO]: [0;33;22m/tempban: [0;37;1mTemporary ban a user.[m

[20:43:28] [Server thread/INFO]: [0;33;22m/tempbanip: [0;37;1mTemporarily ban an IP Address.[m

[20:43:28] [Server thread/INFO]: [0;33;22m/testfor: [0;37;1mA Mojang provided command.[m

[20:43:28] [Server thread/INFO]: [0;33;22m/testforblock: [0;37;1mA Mojang provided command.[m

[20:43:28] [Server thread/INFO]: [0;33;22m/testforblocks: [0;37;1mA Mojang provided command.[m

[20:43:28] [Server thread/INFO]: [0;33;22m/thunder: [0;37;1mEnable/disable thunder.[m

[20:43:28] [Server thread/INFO]: [0;33;22m/time: [0;37;1mDisplay/Change the world time. Defaults to current world.[m

[20:43:28] [Server thread/INFO]: [0;33;22m/timings: [0;37;1mManages Spigot Timings data to see performance of the server.[m

[20:43:28] [Server thread/INFO]: [0;33;22m/title: [0;37;1mA Mojang provided command.[m

[20:43:28] [Server thread/INFO]: [0;33;22m/toggledownfall: [0;37;1mA Mojang provided command.[m

[20:43:28] [Server thread/INFO]: [0;33;22m/togglejail: [0;37;1mJails/Unjails a player, TPs them to the jail specified.[m

[20:43:28] [Server thread/INFO]: [0;33;22m/top: [0;37;1mTeleport to the highest block at your current position.[m

[20:43:28] [Server thread/INFO]: [0;33;22m/tp: [0;37;1mTeleport to a player.[m

[20:43:28] [Server thread/INFO]: [0;33;22m/tpa: [0;37;1mRequest to teleport to the specified player.[m

[20:43:28] [Server thread/INFO]: [0;33;22m/tpaall: [0;37;1mRequests all players online to teleport to you.[m

[20:43:28] [Server thread/INFO]: [0;33;22m/tpacancel: [0;37;1mCancel all outstanding teleport requests. Specify [player] to cancel requests with them.[m

[20:43:28] [Server thread/INFO]: [0;33;22m/tpaccept: [0;37;1mAccepts teleport requests.[m

[20:43:28] [Server thread/INFO]: [0;33;22m/tpahere: [0;37;1mRequest that the specified player teleport to you.[m

[20:43:28] [Server thread/INFO]: [0;33;22m/tpall: [0;37;1mTeleport all online players to another player.[m

[20:43:28] [Server thread/INFO]: [0;33;22m/tpauto: [0;37;1mAutomatically accept teleportation requests.[m

[20:43:28] [Server thread/INFO]: [0;33;22m/tpdeny: [0;37;1mRejects teleport requests.[m

[20:43:28] [Server thread/INFO]: [0;33;22m/tphere: [0;37;1mTeleport a player to you.[m

[20:43:28] [Server thread/INFO]: [0;33;22m/tpo: [0;37;1mTeleport override for tptoggle.[m

[20:43:28] [Server thread/INFO]: [0;33;22m/tpoffline: [0;37;1mTeleport to a player's last known logout location[m

[20:43:28] [Server thread/INFO]: [0;33;22m/tpohere: [0;37;1mTeleport here override for tptoggle.[m

[20:43:28] [Server thread/INFO]: [0;33;22m/tppos: [0;37;1mTeleport to coordinates.[m

[20:43:28] [Server thread/INFO]: [0;33;22m/tpr: [0;37;1mTeleport randomly.[m

[20:43:28] [Server thread/INFO]: [0;33;22m/tps: [0;37;1mGets the current ticks per second for the server[m

[20:43:28] [Server thread/INFO]: [0;33;22m/tptoggle: [0;37;1mBlocks all forms of teleportation.[m

[20:43:28] [Server thread/INFO]: [0;33;22m/tree: [0;37;1mSpawn a tree where you are looking.[m

[20:43:28] [Server thread/INFO]: [0;33;22m/trigger: [0;37;1mA Mojang provided command.[m

[20:43:28] [Server thread/INFO]: [0;33;22m/unban: [0;37;1mUnbans the specified player.[m

[20:43:28] [Server thread/INFO]: [0;33;22m/unbanip: [0;37;1mUnbans the specified IP address.[m

[20:43:28] [Server thread/INFO]: [0;33;22m/unlimited: [0;37;1mAllows the unlimited placing of items.[m

[20:43:28] [Server thread/INFO]: [0;33;22m/vanish: [0;37;1mHide yourself from other players.[m

[20:43:28] [Server thread/INFO]: [0;33;22m/version: [0;37;1mGets the version of this server including any plugins in use[m

[20:43:28] [Server thread/INFO]: [0;33;22m/warp: [0;37;1mList all warps or warp to the specified location.[m

[20:43:28] [Server thread/INFO]: [0;33;22m/warpinfo: [0;37;1mFinds location information for a specified warp.[m

[20:43:28] [Server thread/INFO]: [0;33;22m/weather: [0;37;1mSets the weather.[m

[20:43:28] [Server thread/INFO]: [0;33;22m/whitelist: [0;37;1mA Mojang provided command.[m

[20:43:28] [Server thread/INFO]: [0;33;22m/whois: [0;37;1mDetermine the username behind a nickname.[m

[20:43:28] [Server thread/INFO]: [0;33;22m/workbench: [0;37;1mOpens up a workbench.[m

[20:43:28] [Server thread/INFO]: [0;33;22m/world: [0;37;1mSwitch between worlds.[m

[20:43:28] [Server thread/INFO]: [0;33;22m/worldborder: [0;37;1mA Mojang provided command.[m

[20:43:28] [Server thread/INFO]: [0;33;22m/worth: [0;37;1mCalculates the worth of items in hand or as specified.[m

[20:43:42] [Server thread/INFO]: [0;33;1m--------- [0;37;1mHelp: Search [0;33;1m--------------------------[m

[20:43:42] [Server thread/INFO]: [0;37;22mSearch for: lagg[m

[20:43:42] [Server thread/INFO]: [0;33;22mLaggRemover: [0;37;1mAll commands for LaggRemover[m

[20:43:42] [Server thread/INFO]: [0;33;22m/largetree: [0;37;1m[0;33;1mAlias for [0;37;1m/bigtree[m

[20:43:42] [Server thread/INFO]: [0;33;22m/lightning: [0;37;1mThe power of Thor. Strike at cursor or player.[m

[20:43:45] [Server thread/INFO]: Unknown command. Type "/help" for help.[m

[20:43:51] [Server thread/INFO]: CONSOLE issued server command: /lightning 
[20:43:51] [Server thread/INFO]: [0;33;22mCommand Help: [0;37;1m/lightning[m

[20:43:51] [Server thread/INFO]: [0;33;22mDescription: [0;37;1mThe power of Thor. Strike at cursor or player.[m

[20:43:51] [Server thread/INFO]: [0;33;22mUsage(s);[m

[20:43:51] [Server thread/INFO]: /lightning [0;37;22m[player][m [0;33;22m- Strikes lighting either where you're looking or at another player if specified[m

[20:43:51] [Server thread/INFO]: /lightning [0;33;1m<player>[m [0;33;1m<power>[m [0;33;22m- Strikes lighting at the target player with the given power[m

[20:44:10] [Server thread/INFO]: [0;33;1m--------- [0;37;1mHelp: LaggRemover [0;33;1m---------------------[m

[20:44:10] [Server thread/INFO]: [0;37;22mBelow is a list of all LaggRemover commands:[m

[20:44:10] [Server thread/INFO]: [0;33;22m/lr: [0;37;1mGeneric LaggRemover command.[m

[20:44:11] [Server thread/INFO]: [LaggRemover] ---------========== Help Page (1/3) ==========---------
[20:44:11] [Server thread/INFO]: [LaggRemover]  /lr help(h) <num>: Lists all available commands.
[20:44:11] [Server thread/INFO]: [LaggRemover]  /lr master(m) <world:none>: Displays a lot of information about the world and server you are in.
[20:44:11] [Server thread/INFO]: [LaggRemover]  /lr tps: Displays the servers TPS.
[20:44:11] [Server thread/INFO]: [LaggRemover]  /lr gc: Frees up RAM on your server by removing unnecessary objects stored by the system.
[20:44:11] [Server thread/INFO]: [LaggRemover]  /lr ram: Lists data about current RAM usage.
[20:44:11] [Server thread/INFO]: [LaggRemover]  /lr protocol(pr) <options>: Allows for the manual viewing/running/etc of protocols.
[20:44:13] [Server thread/INFO]: [LaggRemover] LaggRemover's garbage collector has been run and has freed 208MB of RAM on your server.
[20:44:29] [Server thread/INFO]: Unknown command. Type "/help" for help.[m

[20:44:31] [Server thread/INFO]: Saving...
[20:44:31] [Server thread/INFO]: Saved the world
[20:44:33] [Server thread/INFO]: Stopping the server
[20:44:33] [Server thread/INFO]: Stopping server
[20:44:33] [Server thread/INFO]: [LaggRemover] Disabling LaggRemover v2.0.6
[20:44:33] [Server thread/INFO]: [LaggRemover] LaggRemover has been disabled!
[20:44:33] [Server thread/INFO]: Disabling Essentials v2.21.0-dev+110-f1a5caf
[20:44:33] [Server thread/INFO]: Saving players
[20:44:33] [Server thread/INFO]: Saving worlds
[20:44:33] [Server thread/INFO]: Saving chunks for level 'world'/Overworld
[20:44:33] [Server thread/INFO]: Saving chunks for level 'world_nether'/Nether
[20:44:33] [Server thread/INFO]: Saving chunks for level 'world_the_end'/The End
