[20:30:36] [main/INFO]: Using mbed TLS based native cipher.
[20:30:36] [main/INFO]: Using zlib based native compressor.
[20:30:36] [main/INFO]: Enabled Waterfall version git:Waterfall-Bootstrap:1.19-R0.1-SNAPSHOT:f6069e2:513
[20:30:36] [main/INFO]: Not on Windows, attempting to use enhanced EpollEventLoop
[20:30:36] [main/INFO]: Epoll is working, utilising it!
[20:30:36] [main/INFO]: Discovered module: ModuleSpec(name=cmd_alert, file=modules/cmd_alert.jar, provider=JenkinsModuleSource())
[20:30:36] [main/INFO]: Discovered module: ModuleSpec(name=cmd_find, file=modules/cmd_find.jar, provider=JenkinsModuleSource())
[20:30:36] [main/INFO]: Discovered module: ModuleSpec(name=cmd_list, file=modules/cmd_list.jar, provider=JenkinsModuleSource())
[20:30:36] [main/INFO]: Discovered module: ModuleSpec(name=cmd_send, file=modules/cmd_send.jar, provider=JenkinsModuleSource())
[20:30:36] [main/INFO]: Discovered module: ModuleSpec(name=cmd_server, file=modules/cmd_server.jar, provider=JenkinsModuleSource())
[20:30:36] [main/INFO]: Discovered module: ModuleSpec(name=reconnect_yaml, file=modules/reconnect_yaml.jar, provider=JenkinsModuleSource())
[20:30:36] [main/INFO]: Loaded plugin reconnect_yaml version git:reconnect_yaml:1.19-R0.1-SNAPSHOT:f6069e2:513 by WaterfallMC
[20:30:36] [main/INFO]: Loaded plugin cmd_find version git:cmd_find:1.19-R0.1-SNAPSHOT:f6069e2:513 by WaterfallMC
[20:30:36] [main/INFO]: Loaded plugin cmd_server version git:cmd_server:1.19-R0.1-SNAPSHOT:f6069e2:513 by WaterfallMC
[20:30:36] [main/INFO]: Loaded plugin cmd_alert version git:cmd_alert:1.19-R0.1-SNAPSHOT:f6069e2:513 by WaterfallMC
[20:30:36] [main/INFO]: Loaded plugin cmd_send version git:cmd_send:1.19-R0.1-SNAPSHOT:f6069e2:513 by WaterfallMC
[20:30:36] [main/INFO]: Loaded plugin cmd_list version git:cmd_list:1.19-R0.1-SNAPSHOT:f6069e2:513 by WaterfallMC
[20:30:36] [main/WARN]: :>:>:>:>:>:>:>:>:>:>:>:>:>:>:>:>:>:>:>:>:>:>:>
[20:30:36] [main/WARN]: :>  
[20:30:36] [main/WARN]: :>      EAGLERCRAFTXBUNGEE WARNING:
[20:30:36] [main/WARN]: :>  
[20:30:36] [main/WARN]: :>  This plugin wasn't tested to be 'working'
[20:30:36] [main/WARN]: :>  with ANY version of BungeeCord (and forks)
[20:30:36] [main/WARN]: :>  apart from the versions listed below:
[20:30:36] [main/WARN]: :>  
[20:30:36] [main/WARN]: :>  - BungeeCord: 1.20-R0.3-SNAPSHOT:eda268b:1797
[20:30:36] [main/WARN]: :>  - Waterfall: 1.20-R0.2-SNAPSHOT:92b5149:562
[20:30:36] [main/WARN]: :>  - FlameCord: 1.1.1
[20:30:36] [main/WARN]: :>  
[20:30:36] [main/WARN]: :>  This is not a Bukkit/Spigot plugin!
[20:30:36] [main/WARN]: :>  
[20:30:36] [main/WARN]: :>  Use "-Deaglerxbungee.stfu=true" to hide
[20:30:36] [main/WARN]: :>  
[20:30:36] [main/WARN]: :>:>:>:>:>:>:>:>:>:>:>:>:>:>:>:>:>:>:>:>:>:>:>
[20:30:37] [main/INFO] [EaglercraftXBungee]: Loading vanilla profile: lax1dude
[20:30:38] [Skin Download Thread #1/INFO] [EaglercraftXBungee]: Loaded vanilla profile: lax1dude
[20:30:38] [main/INFO]: Loaded plugin EaglercraftXBungee version 1.0.10 by lax1dude
[20:30:38] [main/WARN]: Could not load server icon
java.lang.IllegalArgumentException: Server icon must be exactly 64x64 pixels
	at net.md_5.bungee.api.Favicon.create(Favicon.java:65) ~[bungee.jar:git:Waterfall-Bootstrap:1.19-R0.1-SNAPSHOT:f6069e2:513]
	at net.md_5.bungee.conf.Configuration.load(Configuration.java:89) ~[bungee.jar:git:Waterfall-Bootstrap:1.19-R0.1-SNAPSHOT:f6069e2:513]
	at io.github.waterfallmc.waterfall.conf.WaterfallConfiguration.load(WaterfallConfiguration.java:67) ~[bungee.jar:git:Waterfall-Bootstrap:1.19-R0.1-SNAPSHOT:f6069e2:513]
	at net.md_5.bungee.BungeeCord.start(BungeeCord.java:288) ~[bungee.jar:git:Waterfall-Bootstrap:1.19-R0.1-SNAPSHOT:f6069e2:513]
	at net.md_5.bungee.BungeeCordLauncher.main(BungeeCordLauncher.java:67) ~[bungee.jar:git:Waterfall-Bootstrap:1.19-R0.1-SNAPSHOT:f6069e2:513]
	at net.md_5.bungee.Bootstrap.main(Bootstrap.java:15) ~[bungee.jar:git:Waterfall-Bootstrap:1.19-R0.1-SNAPSHOT:f6069e2:513]
[20:30:38] [main/WARN]: Forced host server pvp is not defined
[20:30:38] [main/INFO]: Enabled plugin reconnect_yaml version git:reconnect_yaml:1.19-R0.1-SNAPSHOT:f6069e2:513 by WaterfallMC
[20:30:38] [main/INFO]: Enabled plugin cmd_find version git:cmd_find:1.19-R0.1-SNAPSHOT:f6069e2:513 by WaterfallMC
[20:30:38] [main/INFO]: Enabled plugin cmd_server version git:cmd_server:1.19-R0.1-SNAPSHOT:f6069e2:513 by WaterfallMC
[20:30:38] [main/INFO]: Enabled plugin cmd_alert version git:cmd_alert:1.19-R0.1-SNAPSHOT:f6069e2:513 by WaterfallMC
[20:30:38] [main/INFO]: Enabled plugin cmd_send version git:cmd_send:1.19-R0.1-SNAPSHOT:f6069e2:513 by WaterfallMC
[20:30:38] [main/INFO]: Enabled plugin cmd_list version git:cmd_list:1.19-R0.1-SNAPSHOT:f6069e2:513 by WaterfallMC
[20:30:38] [main/ERROR] [EaglercraftXBungee]: Online mode is set to false! Authentication system has been disabled
[20:30:39] [Netty Worker IO Thread #0/INFO] [EaglercraftXBungee]: Eaglercraft is listening on: /0.0.0.0:8081
[20:30:39] [main/INFO] [EaglercraftXBungee]: Connected to database: jdbc:sqlite:eaglercraft_skins_cache.db
[20:30:39] [main/INFO]: Enabled plugin EaglercraftXBungee version 1.0.10 by lax1dude
[20:30:39] [Netty Boss IO Thread #0/INFO]: Listening on /127.0.0.1:25577
[20:30:39] [EaglerXBungee: Network Tick Tasks/INFO] [EaglercraftXBungee]: Loaded certificate: /workspaces/server/bungee/plugins/EaglercraftXBungee/eagcert/$dl.2c63d6a9be9d273db57d50cb026093cb97ea6e54.cert
[20:31:01] [Netty Worker IO Thread #2/INFO] [EaglercraftXBungee]: [/[0:0:0:0:0:0:0:1%0]:55648]: Connected via websocket
[20:31:01] [Netty Worker IO Thread #2/INFO] [EaglercraftXBungee]: [/[0:0:0:0:0:0:0:1%0]:55648]: Origin header is https://elite4r.github.io
[20:31:01] [Netty Worker IO Thread #2/INFO] [EaglercraftXBungee]: [/[0:0:0:0:0:0:0:1%0]:55648]: Logged in as 'Elite4r'
[20:31:01] [Netty Worker IO Thread #2/INFO]: [/[0:0:0:0:0:0:0:1%0]:55648|Elite4r] -> UpstreamBridge has connected
[20:31:01] [Netty Worker IO Thread #2/INFO]: [Elite4r|/[0:0:0:0:0:0:0:1%0]:55648] <-> ServerConnector [lobby] has connected
[20:31:42] [Netty Worker IO Thread #2/INFO]: [/[0:0:0:0:0:0:0:1%0]:55648|Elite4r] -> UpstreamBridge has disconnected
[20:31:42] [Netty Worker IO Thread #2/INFO]: [Elite4r] disconnected with: Proxy lost connection to server.
[20:31:42] [Netty Worker IO Thread #2/INFO]: [/[0:0:0:0:0:0:0:1%0]:55648|Elite4r] <-> DownstreamBridge <-> [lobby] has disconnected
[20:32:47] [Shutdown Thread/INFO]: Closing listener [id: 0x7e316690, L:/127.0.0.1:25577]
[20:32:47] [Shutdown Thread/INFO]: Closing pending connections
[20:32:47] [Shutdown Thread/INFO]: Disconnecting 0 connections
[20:32:48] [Shutdown Thread/INFO]: Disabling plugins
[20:32:48] [Shutdown Thread/INFO] [EaglercraftXBungee]: Eaglercraft listener closed: /0.0.0.0:8081
[20:32:48] [Shutdown Thread/INFO] [EaglercraftXBungee]: Successfully disconnected from database 'jdbc:sqlite:eaglercraft_skins_cache.db'
[20:32:48] [Shutdown Thread/INFO] [EaglercraftXBungee]: Stopping skin cache HTTP client...
[20:32:50] [Shutdown Thread/INFO]: Closing IO threads
[20:32:52] [Shutdown Thread/INFO]: Thank you and goodbye
